<?xml version="1.0" encoding="UTF-8"?>
<testng-results ignored="0" total="1" passed="1" failed="0" skipped="0">
  <reporter-output>
  </reporter-output>
  <suite started-at="2019-08-07T11:37:40Z" name="Default suite" finished-at="2019-08-07T11:38:33Z" duration-ms="53261">
    <groups>
    </groups>
    <test started-at="2019-08-07T11:37:40Z" name="Default test" finished-at="2019-08-07T11:38:33Z" duration-ms="53261">
      <class name="executionEngine.DriverScript">
        <test-method is-config="true" signature="DriverScriptS()[pri:0, instance:executionEngine.DriverScript@6156496]" started-at="2019-08-07T11:37:40Z" name="DriverScriptS" finished-at="2019-08-07T11:37:40Z" duration-ms="116" status="PASS">
          <reporter-output>
          </reporter-output>
        </test-method> <!-- DriverScriptS -->
        <test-method signature="Rently()[pri:0, instance:executionEngine.DriverScript@6156496]" started-at="2019-08-07T11:37:40Z" name="Rently" finished-at="2019-08-07T11:38:33Z" duration-ms="52966" status="PASS">
          <reporter-output>
          </reporter-output>
        </test-method> <!-- Rently -->
        <test-method is-config="true" signature="tearDown(org.testng.ITestResult)[pri:0, instance:executionEngine.DriverScript@6156496]" started-at="2019-08-07T11:38:33Z" name="tearDown" finished-at="2019-08-07T11:38:33Z" duration-ms="167" status="PASS">
          <params>
            <param index="0">
              <value>
                <![CDATA[[TestResult name=Rently status=SUCCESS method=DriverScript.Rently()[pri:0, instance:executionEngine.DriverScript@6156496] output={null}]]]>
              </value>
            </param>
          </params>
          <reporter-output>
          </reporter-output>
        </test-method> <!-- tearDown -->
      </class> <!-- executionEngine.DriverScript -->
    </test> <!-- Default test -->
  </suite> <!-- Default suite -->
</testng-results>
